[POST] https://mobbin.com/monitoring?o=4504042693591040&p=4504043087462400&r=us => [200] 
[GET] https://mobbin.com/analytics/cdn/v1/projects/Oldphf3r2pvyKD5LyQJlkU3EDHGa89HS/settings => [200] 
[GET] https://bytescale.mobbin.com/FW25bBB/video/mobbin.com/prod/assets/file.mp4?enc=1.BQnbdJK6.LgPrXUzMP8ViVNMU.JQTSD7EUR9NI1eHtskS4ZDxDC7bCIchAuVA798MRdU-qJCpGc4vDMCrbqjgJkL3P29pFvuwldAYZzKoyQ7P_HhIW_BhIajZrn_NYBg7-s_dXga6WIgPi9CO8cxewa4xCDjwLFHhzySYRLR2ZSs59_lBWY5BZi3Xd6pklC5ghvyJ-XttbSTiDZ3ztnmlJiCdo1qIy6YNb4AnVtHPk4KxqmhPzdxDWomEXOIJ4GxLyxqO6KO-E12PORYMr42ASbIHNC2mqxkCFQOecRy3oIXqOdbKdjxhMjuQqhqTXv_X72b2vJlsPU1p3Z6rRBay3 => [206] 
[GET] https://bytescale.mobbin.com/FW25bBB/video/mobbin.com/prod/assets/file.mp4?enc=1.BQnbdJK6.rkVBZ6X29lmtx8LS.ykmyNRAjt0J35nEVoy1c3YiYjZorGKKcZjG122gNvMm-pPZZFkxrRSnCH6DHqAH1cJoQWvwwFXat90B81qWY4PNRoaM6jO6YgRzmTGDJB5M6W7xrPHr_wcjpdZbqg9FIkqTUJD3kj7Hyx_kLei-ILLH-LLxCriWiH-hazA-oHcmJxEt4AmxXa3Ue85Y-gk57Nz4mcn-Dk2AS-hmwgC4hWPe9tUYJTU-3i3GBVCraGZLtGfvWYFVygf8SUticoUR3IqvVFjEPTciEpqfhmKJz1vLwy8hPgyiMVp3c1FjOObunetxfJlBZ23K2y6A => [206] 
[GET] https://bytescale.mobbin.com/FW25bBB/video/mobbin.com/prod/assets/file.mp4?enc=1.BQnbdJK6.NGEe6x9i9aOYzTwJ.DK1BKCNO6aQVJATLtV2MuCmrTRrmN6IeXY1MHD5g_TSXfti0oVE0Uxn-SsfdscCUw3P6wmNBksSzSPgNkJYwBlWgIft1ekFhexHCiQB-fTq_rigQuRQCxgKSha-LXmhDrXgTH8mxVkmI4wmRWIP8_R9s57g2zCOvho7ALvbdcv9bYFQBbgCa_J4vk6K40y-j_gJFJPdIiTNje05WZHaEj34Tkrhh1oiVmVhBtR2Yzx5Lgbx9TVd91tUKxT6oevSRYWaiTwnlLbUk77rdjnDqt9ojWbM2v7tIM3-a5G-JNpu-qWT_yjMurZovYbhnkBOSWQ => [206] 
[GET] https://bytescale.mobbin.com/FW25bBB/video/mobbin.com/prod/assets/file.mp4?enc=1.BQnbdJK6.9kH0UglFp7TtiXRV.1UVODMWIhz8S5i1qazUyqCAqQKAfI_-KgUG0dQNbPscKw9lLySH3Gow1rhPyqmXnC80XXuPYEUQfS8BRcdgdDkDX5CKIcCkTO46i1gxtMk7PzKo6w_x7wUICj4axruWL0N0UFYVHlYVU0CdSK9Ks5eAEBqbACpZ2DtM5H8ifavKZSZ-zb6Slnvy7a33lYzWiGb71hzbyJQdIXmFKLznT-BymOXgqRGkTbSvN5slZlFS1ZoXMxKJMgmk6uu1UBODz-sE2OHDKc6oL4rBVhkk7yIz2m7_wyGsGmkMlDMmQfJMJyLrXoNjcQfpggcjAMGDjAKteXZ48GQ => [206] 
[GET] https://bytescale.mobbin.com/FW25bBB/video/mobbin.com/prod/assets/file.mp4?enc=1.BQnbdJK6.fzCCFro2Ta7vlIT3.8j-Yv5SpGXhrOEjiHLg2es1HzA05kSarikmKP2VM7Hu4AlUdpwBVz5E3RzoP5F272sFHC5e_dEit9W7R6EAMre_8XTGFsZBkWBabNoKIqOpdwawNYB1rig9CAyyw7VZdhQLhRRyjd3CxljNVb67mUUCiRQk1NMuDM-bHL4JR46jkG6y8r-pSEjcNW2QleZn7f-nTy1qGYZpO0qF2P97js89b-3js2BdIZLd7jbJ0wRW0yn-gf_dZaxGFm6U2OtXcR3Q6zMXjOCgxxV4mCB1N70uTwLKE1WYfrFhtqzLyfs_LZcU08-ppMR_Lu7Q => [206] 
[POST] https://accounts.google.com/gsi/log?client_id=672621582021-a5cmbeo4rjqqj0tqo6u2ff614lmnjh2s.apps.googleusercontent.com&as=JjK2DCSIMbJaCv9zfQfp2EnEn2sYIAlzK%2BKAEj1Z9jc&bs=xoRp1NuwtiH9Q%2Bqf%2FZMhXHA6x2X0oQ7tgAtdJJyzmXg&event=onetap.card.prompt.apiCall&enable_itp_optimization=13 => [200] 
[GET] https://mobbin.com/pricing?_rsc=1cbcw => [200] 
[GET] https://mobbin.com/awards?_rsc=1cbcw => [200] 
[GET] https://mobbin.com/login?_rsc=1cbcw => [200] 
[GET] https://mobbin.com/signup?_rsc=1cbcw => [200] 
[GET] https://mobbin.com/explore?_rsc=1cbcw => [307] 
[GET] https://bytescale.mobbin.com/FW25bBB/video/mobbin.com/prod/assets/file.mp4?enc=1.BQnbdJK6.LgPrXUzMP8ViVNMU.JQTSD7EUR9NI1eHtskS4ZDxDC7bCIchAuVA798MRdU-qJCpGc4vDMCrbqjgJkL3P29pFvuwldAYZzKoyQ7P_HhIW_BhIajZrn_NYBg7-s_dXga6WIgPi9CO8cxewa4xCDjwLFHhzySYRLR2ZSs59_lBWY5BZi3Xd6pklC5ghvyJ-XttbSTiDZ3ztnmlJiCdo1qIy6YNb4AnVtHPk4KxqmhPzdxDWomEXOIJ4GxLyxqO6KO-E12PORYMr42ASbIHNC2mqxkCFQOecRy3oIXqOdbKdjxhMjuQqhqTXv_X72b2vJlsPU1p3Z6rRBay3 => [206] 
[GET] https://bytescale.mobbin.com/FW25bBB/video/mobbin.com/prod/assets/file.mp4?enc=1.BQnbdJK6.rkVBZ6X29lmtx8LS.ykmyNRAjt0J35nEVoy1c3YiYjZorGKKcZjG122gNvMm-pPZZFkxrRSnCH6DHqAH1cJoQWvwwFXat90B81qWY4PNRoaM6jO6YgRzmTGDJB5M6W7xrPHr_wcjpdZbqg9FIkqTUJD3kj7Hyx_kLei-ILLH-LLxCriWiH-hazA-oHcmJxEt4AmxXa3Ue85Y-gk57Nz4mcn-Dk2AS-hmwgC4hWPe9tUYJTU-3i3GBVCraGZLtGfvWYFVygf8SUticoUR3IqvVFjEPTciEpqfhmKJz1vLwy8hPgyiMVp3c1FjOObunetxfJlBZ23K2y6A => [206] 
[GET] https://bytescale.mobbin.com/FW25bBB/video/mobbin.com/prod/assets/file.mp4?enc=1.BQnbdJK6.NGEe6x9i9aOYzTwJ.DK1BKCNO6aQVJATLtV2MuCmrTRrmN6IeXY1MHD5g_TSXfti0oVE0Uxn-SsfdscCUw3P6wmNBksSzSPgNkJYwBlWgIft1ekFhexHCiQB-fTq_rigQuRQCxgKSha-LXmhDrXgTH8mxVkmI4wmRWIP8_R9s57g2zCOvho7ALvbdcv9bYFQBbgCa_J4vk6K40y-j_gJFJPdIiTNje05WZHaEj34Tkrhh1oiVmVhBtR2Yzx5Lgbx9TVd91tUKxT6oevSRYWaiTwnlLbUk77rdjnDqt9ojWbM2v7tIM3-a5G-JNpu-qWT_yjMurZovYbhnkBOSWQ => [206] 
[GET] https://bytescale.mobbin.com/FW25bBB/video/mobbin.com/prod/assets/file.mp4?enc=1.BQnbdJK6.9kH0UglFp7TtiXRV.1UVODMWIhz8S5i1qazUyqCAqQKAfI_-KgUG0dQNbPscKw9lLySH3Gow1rhPyqmXnC80XXuPYEUQfS8BRcdgdDkDX5CKIcCkTO46i1gxtMk7PzKo6w_x7wUICj4axruWL0N0UFYVHlYVU0CdSK9Ks5eAEBqbACpZ2DtM5H8ifavKZSZ-zb6Slnvy7a33lYzWiGb71hzbyJQdIXmFKLznT-BymOXgqRGkTbSvN5slZlFS1ZoXMxKJMgmk6uu1UBODz-sE2OHDKc6oL4rBVhkk7yIz2m7_wyGsGmkMlDMmQfJMJyLrXoNjcQfpggcjAMGDjAKteXZ48GQ => [206] 
[GET] https://bytescale.mobbin.com/FW25bBB/video/mobbin.com/prod/assets/file.mp4?enc=1.BQnbdJK6.fzCCFro2Ta7vlIT3.8j-Yv5SpGXhrOEjiHLg2es1HzA05kSarikmKP2VM7Hu4AlUdpwBVz5E3RzoP5F272sFHC5e_dEit9W7R6EAMre_8XTGFsZBkWBabNoKIqOpdwawNYB1rig9CAyyw7VZdhQLhRRyjd3CxljNVb67mUUCiRQk1NMuDM-bHL4JR46jkG6y8r-pSEjcNW2QleZn7f-nTy1qGYZpO0qF2P97js89b-3js2BdIZLd7jbJ0wRW0yn-gf_dZaxGFm6U2OtXcR3Q6zMXjOCgxxV4mCB1N70uTwLKE1WYfrFhtqzLyfs_LZcU08-ppMR_Lu7Q => [206] 
[GET] https://bytescale.mobbin.com/FW25bBB/video/mobbin.com/prod/assets/file.mp4?enc=1.BQnbdJK6.LgPrXUzMP8ViVNMU.JQTSD7EUR9NI1eHtskS4ZDxDC7bCIchAuVA798MRdU-qJCpGc4vDMCrbqjgJkL3P29pFvuwldAYZzKoyQ7P_HhIW_BhIajZrn_NYBg7-s_dXga6WIgPi9CO8cxewa4xCDjwLFHhzySYRLR2ZSs59_lBWY5BZi3Xd6pklC5ghvyJ-XttbSTiDZ3ztnmlJiCdo1qIy6YNb4AnVtHPk4KxqmhPzdxDWomEXOIJ4GxLyxqO6KO-E12PORYMr42ASbIHNC2mqxkCFQOecRy3oIXqOdbKdjxhMjuQqhqTXv_X72b2vJlsPU1p3Z6rRBay3 => [206] 
[GET] https://bytescale.mobbin.com/FW25bBB/video/mobbin.com/prod/assets/file.mp4?enc=1.BQnbdJK6.rkVBZ6X29lmtx8LS.ykmyNRAjt0J35nEVoy1c3YiYjZorGKKcZjG122gNvMm-pPZZFkxrRSnCH6DHqAH1cJoQWvwwFXat90B81qWY4PNRoaM6jO6YgRzmTGDJB5M6W7xrPHr_wcjpdZbqg9FIkqTUJD3kj7Hyx_kLei-ILLH-LLxCriWiH-hazA-oHcmJxEt4AmxXa3Ue85Y-gk57Nz4mcn-Dk2AS-hmwgC4hWPe9tUYJTU-3i3GBVCraGZLtGfvWYFVygf8SUticoUR3IqvVFjEPTciEpqfhmKJz1vLwy8hPgyiMVp3c1FjOObunetxfJlBZ23K2y6A => [206] 
[GET] https://bytescale.mobbin.com/FW25bBB/video/mobbin.com/prod/assets/file.mp4?enc=1.BQnbdJK6.NGEe6x9i9aOYzTwJ.DK1BKCNO6aQVJATLtV2MuCmrTRrmN6IeXY1MHD5g_TSXfti0oVE0Uxn-SsfdscCUw3P6wmNBksSzSPgNkJYwBlWgIft1ekFhexHCiQB-fTq_rigQuRQCxgKSha-LXmhDrXgTH8mxVkmI4wmRWIP8_R9s57g2zCOvho7ALvbdcv9bYFQBbgCa_J4vk6K40y-j_gJFJPdIiTNje05WZHaEj34Tkrhh1oiVmVhBtR2Yzx5Lgbx9TVd91tUKxT6oevSRYWaiTwnlLbUk77rdjnDqt9ojWbM2v7tIM3-a5G-JNpu-qWT_yjMurZovYbhnkBOSWQ => [206] 
[GET] https://bytescale.mobbin.com/FW25bBB/video/mobbin.com/prod/assets/file.mp4?enc=1.BQnbdJK6.9kH0UglFp7TtiXRV.1UVODMWIhz8S5i1qazUyqCAqQKAfI_-KgUG0dQNbPscKw9lLySH3Gow1rhPyqmXnC80XXuPYEUQfS8BRcdgdDkDX5CKIcCkTO46i1gxtMk7PzKo6w_x7wUICj4axruWL0N0UFYVHlYVU0CdSK9Ks5eAEBqbACpZ2DtM5H8ifavKZSZ-zb6Slnvy7a33lYzWiGb71hzbyJQdIXmFKLznT-BymOXgqRGkTbSvN5slZlFS1ZoXMxKJMgmk6uu1UBODz-sE2OHDKc6oL4rBVhkk7yIz2m7_wyGsGmkMlDMmQfJMJyLrXoNjcQfpggcjAMGDjAKteXZ48GQ => [206] 
[GET] https://bytescale.mobbin.com/FW25bBB/video/mobbin.com/prod/assets/file.mp4?enc=1.BQnbdJK6.fzCCFro2Ta7vlIT3.8j-Yv5SpGXhrOEjiHLg2es1HzA05kSarikmKP2VM7Hu4AlUdpwBVz5E3RzoP5F272sFHC5e_dEit9W7R6EAMre_8XTGFsZBkWBabNoKIqOpdwawNYB1rig9CAyyw7VZdhQLhRRyjd3CxljNVb67mUUCiRQk1NMuDM-bHL4JR46jkG6y8r-pSEjcNW2QleZn7f-nTy1qGYZpO0qF2P97js89b-3js2BdIZLd7jbJ0wRW0yn-gf_dZaxGFm6U2OtXcR3Q6zMXjOCgxxV4mCB1N70uTwLKE1WYfrFhtqzLyfs_LZcU08-ppMR_Lu7Q => [206] 
[POST] https://mobbin.com/analytics/api/p => [200] 
[GET] https://ct.pinterest.com/user/?tid=2613595685854&cb=1772787275073&dep=2%2CPAGE_LOAD => [200] 
[GET] https://ct.pinterest.com/v3/?tid=2613595685854&event=init&ad=%7B%22loc%22%3A%22https%3A%2F%2Fmobbin.com%2F%22%2C%22ref%22%3A%22%22%2C%22if%22%3Afalse%2C%22sh%22%3A982%2C%22sw%22%3A1512%2C%22mh%22%3A%22e258cfd2%22%2C%22is_eu%22%3Atrue%2C%22architecture%22%3A%22arm%22%2C%22bitness%22%3A%2264%22%2C%22brands%22%3A%5B%7B%22brand%22%3A%22Not%3AA-Brand%22%2C%22version%22%3A%2299%22%7D%2C%7B%22brand%22%3A%22Google%20Chrome%22%2C%22version%22%3A%22145%22%7D%2C%7B%22brand%22%3A%22Chromium%22%2C%22version%22%3A%22145%22%7D%5D%2C%22mobile%22%3Afalse%2C%22model%22%3A%22%22%2C%22platform%22%3A%22macOS%22%2C%22platformVersion%22%3A%2215.6.0%22%2C%22uaFullVersion%22%3A%22145.0.7632.160%22%2C%22ecm_enabled%22%3Atrue%7D&cb=1772787275074 => [200] 
[GET] https://mobbin.com/explore/mobile => [200] 
[POST] https://www.google.com/ccm/collect?frm=0&ae=g&en=page_view&dl=https%3A%2F%2Fmobbin.com%2F&scrsrc=www.googletagmanager.com&rnd=791216038.1772787275&dt=Mobbin%20%E2%80%94%20UI%20%26%20UX%20design%20inspiration%20for%20mobile%20%26%20web%20apps&auid=160389628.1772787275&navt=n&npa=0&ep.ads_data_redaction=0&gtm=45He6341v831478058za200zd831478058xea&gcd=13l3l3l3l1l1&dma=0&tag_exp=103116026~103200004~115616985~115938466~115938469~116024733~117484252&apve=1&apvf=f&apvc=1&tft=1772787275110&tfd=1213 => [200] 
[GET] https://mobbin.com/glossary?_rsc=1cbcw => [200] 
[GET] https://mobbin.com/changelog?_rsc=1cbcw => [200] 
[POST] https://www.google-analytics.com/j/collect?v=1&_v=j102&a=989600571&t=pageview&_s=1&dl=https%3A%2F%2Fmobbin.com%2F&ul=en-us&dt=Mobbin%20%E2%80%94%20UI%20%26%20UX%20design%20inspiration%20for%20mobile%20%26%20web%20apps&sr=1512x982&vp=1200x729&_u=YEBAAEABAAAAACAAI~&jid=1781301924&gjid=487876557&cid=369557595.1772787275&tid=UA-114922841-1&_gid=1757009559.1772787275&_r=1&_slc=1&gtm=45He6341n81THBGM4Wv831478058za200zd831478058&gcd=13l3l3l3l1l1&dma=0&tag_exp=103116026~103200004~115616985~115938466~115938469~116024733~117484252&z=1198646542 => [200] 
[GET] https://mobbin.com/blog?_rsc=1cbcw => [200] 
[GET] https://mobbin.com/colors?_rsc=1cbcw => [200] 
[GET] https://mobbin.com/privacy?_rsc=1cbcw => [200] 
[POST] https://analytics.google.com/g/collect?v=2&tid=G-H2L379YHME&gtm=45je6341v9103159483z8831478058za20gzb831478058zd831478058&_p=1772787274859&_gaz=1&gcd=13l3l3l3l1l1&npa=0&dma=0&cid=369557595.1772787275&ul=en-us&sr=1512x982&uaa=arm&uab=64&uafvl=Not%253AA-Brand%3B99.0.0.0%7CGoogle%2520Chrome%3B145.0.7632.160%7CChromium%3B145.0.7632.160&uamb=0&uam=&uap=macOS&uapv=15.6.0&uaw=0&are=1&frm=0&pscdl=noapi&_eu=AAAAAGA&_s=1&tag_exp=103116026~103200004~115616985~115938466~115938468~116024733~117484252~117625639&sid=1772787275&sct=1&seg=0&dl=https%3A%2F%2Fmobbin.com%2F&dt=Mobbin%20%E2%80%94%20UI%20%26%20UX%20design%20inspiration%20for%20mobile%20%26%20web%20apps&en=page_view&_fv=1&_ss=1&tfd=1485 => [204] 
[GET] https://mobbin.com/terms?_rsc=1cbcw => [200] 
[GET] https://mobbin.com/changelog/2025-11-12-introducing-animations?_rsc=1cbcw => [200] 
[POST] https://m.stripe.com/6 => [200] 
[GET] https://mobbin.com/login?_rsc=zoc5f => [200] 
[GET] https://mobbin.com/login?_rsc=soi8a => [200] 
[POST] https://mobbin.com/monitoring?o=4504042693591040&p=4504043087462400&r=us => [200] 
[POST] https://mobbin.com/monitoring?o=4504042693591040&p=4504043087462400&r=us => [200] 
[GET] https://cdn.jsdelivr.net/npm/@lottiefiles/dotlottie-web@0.45.0/dist/dotlottie-player.wasm => [200] 
[POST] https://mobbin.com/analytics/api/p => [200] 
[GET] https://mobbin.com/assets/lottie/Loading-light.lottie => [200] 
[POST] https://m.stripe.com/6 => [200] 
[POST] https://analytics.google.com/g/collect?v=2&tid=G-H2L379YHME&gtm=45je6341v9103159483za20gzb831478058zd831478058&_p=1772787274859&gcd=13l3l3l3l1l1&npa=0&dma=0&cid=369557595.1772787275&ul=en-us&sr=1512x982&uaa=arm&uab=64&uafvl=Not%253AA-Brand%3B99.0.0.0%7CGoogle%2520Chrome%3B145.0.7632.160%7CChromium%3B145.0.7632.160&uamb=0&uam=&uap=macOS&uapv=15.6.0&uaw=0&are=1&frm=0&pscdl=noapi&_eu=AEAAAGQ&_s=2&tag_exp=103116026~103200004~115616985~115938466~115938468~116024733~117484252~117625639&dl=https%3A%2F%2Fmobbin.com%2Flogin&dr=https%3A%2F%2Fmobbin.com%2F&sid=1772787275&sct=1&seg=1&dt=Login%20%7C%20Mobbin&en=page_view&_et=11010&tfd=17499 => [204] 
[POST] https://mobbin.com/api/auth/login-by-email-only => [200] 
[POST] https://analytics.google.com/g/collect?v=2&tid=G-H2L379YHME&gtm=45je6341v9103159483za20gzb831478058zd831478058&_p=1772787274859&gcd=13l3l3l3l1l1&npa=0&dma=0&cid=369557595.1772787275&ul=en-us&sr=1512x982&uaa=arm&uab=64&uafvl=Not%253AA-Brand%3B99.0.0.0%7CGoogle%2520Chrome%3B145.0.7632.160%7CChromium%3B145.0.7632.160&uamb=0&uam=&uap=macOS&uapv=15.6.0&uaw=0&are=1&frm=0&pscdl=noapi&_eu=AEEAAGQ&_s=3&tag_exp=103116026~103200004~115616985~115938466~115938468~116024733~117484252~117625639&sid=1772787275&sct=1&seg=1&dl=https%3A%2F%2Fmobbin.com%2Flogin&dr=https%3A%2F%2Fmobbin.com%2F&dt=Login%20%7C%20Mobbin&en=form_start&ep.form_id=&ep.form_name=&ep.form_destination=javascript%3Athrow%20new%20Error(%27A%20React%20form%20was%20unexpectedly%20submitted.%20If%20you%20called%20form.submit()%20manually%2C%20consider%20using%20form.requestSubmit()%20instead.%20If%20you%5C%27re%20trying%20to%20use%20event.stopPropagation()%20in%20a%20submit%20event%20handler%2C%20consider%20also%20calling%20event.preventDefault().%27)&epn.form_length=5&ep.first_field_id=&ep.first_field_name=email&ep.first_field_type=email&epn.first_field_position=1&_et=22599&tfd=40098 => [204] 
[POST] https://mobbin.com/login => [200] 