[GET] https://demand-gen-lab.vercel.app/api/brands => [200] 
[GET] https://demand-gen-lab.vercel.app/api/brands/brand_mlg68b9l => [200] 
[GET] https://demand-gen-lab.vercel.app/api/brands/brand_mlg68b9l/experiments/expt_bf7ab31d5ac44d91 => [200] 
[GET] https://demand-gen-lab.vercel.app/api/brands/brand_mlg68b9l/experiments/expt_bf7ab31d5ac44d91/runs => [200] 
[GET] https://demand-gen-lab.vercel.app/api/brands/brand_mlg68b9l/experiments/expt_bf7ab31d5ac44d91/sourcing-trace => [200] 
[GET] https://demand-gen-lab.vercel.app/settings/outreach?_rsc=m8u1u => [200] 
[GET] https://demand-gen-lab.vercel.app/doctor?_rsc=m8u1u => [200] 
[GET] https://demand-gen-lab.vercel.app/logic?_rsc=m8u1u => [200] 
[GET] https://demand-gen-lab.vercel.app/brands/brand_mlg68b9l/inbox?_rsc=m8u1u => [200] 
[GET] https://demand-gen-lab.vercel.app/brands/brand_mlg68b9l/leads?_rsc=m8u1u => [200] 
[GET] https://demand-gen-lab.vercel.app/brands/brand_mlg68b9l/network?_rsc=m8u1u => [200] 
[GET] https://demand-gen-lab.vercel.app/brands/brand_mlg68b9l/campaigns?_rsc=m8u1u => [200] 
[GET] https://demand-gen-lab.vercel.app/brands/brand_mlg68b9l/experiments?_rsc=m8u1u => [200] 
[GET] https://demand-gen-lab.vercel.app/?_rsc=m8u1u => [200] 
[GET] https://demand-gen-lab.vercel.app/settings/outreach?_rsc=he3ww => [200] 
[GET] https://demand-gen-lab.vercel.app/settings/outreach?_rsc=fiojy => [200] 
[GET] https://demand-gen-lab.vercel.app/settings/outreach?_rsc=12ksl => [200] 
[GET] https://demand-gen-lab.vercel.app/settings/outreach?_rsc=1az9v => [200] 
[GET] https://demand-gen-lab.vercel.app/settings/outreach?_rsc=gqske => [200] 
[GET] https://demand-gen-lab.vercel.app/doctor?_rsc=he3ww => [200] 
[GET] https://demand-gen-lab.vercel.app/doctor?_rsc=ff5wp => [200] 
[GET] https://demand-gen-lab.vercel.app/doctor?_rsc=54wsl => [200] 
[GET] https://demand-gen-lab.vercel.app/logic?_rsc=he3ww => [200] 
[GET] https://demand-gen-lab.vercel.app/logic?_rsc=ncobf => [200] 
[GET] https://demand-gen-lab.vercel.app/logic?_rsc=1n0wq => [200] 
[GET] https://demand-gen-lab.vercel.app/brands/brand_mlg68b9l/inbox?_rsc=pug9f => [200] 
[GET] https://demand-gen-lab.vercel.app/brands/brand_mlg68b9l/leads?_rsc=pug9f => [200] 
[GET] https://demand-gen-lab.vercel.app/brands/brand_mlg68b9l/network?_rsc=pug9f => [200] 
[GET] https://demand-gen-lab.vercel.app/brands/brand_mlg68b9l/campaigns?_rsc=pug9f => [200] 
[GET] https://demand-gen-lab.vercel.app/brands/brand_mlg68b9l/experiments?_rsc=pug9f => [200] 
[GET] https://demand-gen-lab.vercel.app/?_rsc=he3ww => [200] 
[GET] https://demand-gen-lab.vercel.app/?_rsc=x9i4u => [200] 
[GET] https://demand-gen-lab.vercel.app/brands/brand_mlg68b9l/experiments?_rsc=pug9f => [200] 
[GET] https://demand-gen-lab.vercel.app/brands/brand_mlg68b9l/leads?_rsc=pug9f => [200] 
[GET] https://demand-gen-lab.vercel.app/api/brands/brand_mlg68b9l/campaigns/camp_624bc2078cf8455f/experiments/exp_4571a01526464fa0/conversation-map/preview-leads => [200] 
[POST] https://demand-gen-lab.vercel.app/api/brands/brand_mlg68b9l/experiments/expt_bf7ab31d5ac44d91/source-sample-leads => [201] 
[GET] https://demand-gen-lab.vercel.app/api/brands/brand_mlg68b9l => [200] 
[GET] https://demand-gen-lab.vercel.app/api/brands/brand_mlg68b9l/experiments/expt_bf7ab31d5ac44d91 => [200] 
[GET] https://demand-gen-lab.vercel.app/api/brands/brand_mlg68b9l/experiments/expt_bf7ab31d5ac44d91/runs => [200] 
[GET] https://demand-gen-lab.vercel.app/api/brands/brand_mlg68b9l/experiments/expt_bf7ab31d5ac44d91/sourcing-trace => [200] 
[GET] https://demand-gen-lab.vercel.app/api/brands/brand_mlg68b9l/campaigns/camp_624bc2078cf8455f/experiments/exp_4571a01526464fa0/conversation-map/preview-leads => [200] 
[GET] https://demand-gen-lab.vercel.app/api/brands/brand_mlg68b9l => [200] 
[GET] https://demand-gen-lab.vercel.app/api/brands/brand_mlg68b9l/experiments/expt_bf7ab31d5ac44d91 => [200] 
[GET] https://demand-gen-lab.vercel.app/api/brands/brand_mlg68b9l/experiments/expt_bf7ab31d5ac44d91/runs => [200] 
[GET] https://demand-gen-lab.vercel.app/api/brands/brand_mlg68b9l/experiments/expt_bf7ab31d5ac44d91/sourcing-trace => [200] 
[GET] https://demand-gen-lab.vercel.app/api/brands/brand_mlg68b9l/campaigns/camp_624bc2078cf8455f/experiments/exp_4571a01526464fa0/conversation-map/preview-leads => [200] 
[GET] https://demand-gen-lab.vercel.app/api/brands/brand_mlg68b9l => [200] 
[GET] https://demand-gen-lab.vercel.app/api/brands/brand_mlg68b9l/experiments/expt_bf7ab31d5ac44d91 => [200] 
[GET] https://demand-gen-lab.vercel.app/api/brands/brand_mlg68b9l/experiments/expt_bf7ab31d5ac44d91/runs => [200] 
[GET] https://demand-gen-lab.vercel.app/api/brands/brand_mlg68b9l/experiments/expt_bf7ab31d5ac44d91/sourcing-trace => [200] 
[GET] https://demand-gen-lab.vercel.app/api/brands/brand_mlg68b9l/campaigns/camp_624bc2078cf8455f/experiments/exp_4571a01526464fa0/conversation-map/preview-leads => [200] 
[POST] https://demand-gen-lab.vercel.app/api/brands/brand_mlg68b9l/experiments/expt_bf7ab31d5ac44d91/source-sample-leads => [201] 
[GET] https://demand-gen-lab.vercel.app/api/brands/brand_mlg68b9l => [200] 
[GET] https://demand-gen-lab.vercel.app/api/brands/brand_mlg68b9l/experiments/expt_bf7ab31d5ac44d91 => [200] 
[GET] https://demand-gen-lab.vercel.app/api/brands/brand_mlg68b9l/experiments/expt_bf7ab31d5ac44d91/runs => [200] 
[GET] https://demand-gen-lab.vercel.app/api/brands/brand_mlg68b9l/experiments/expt_bf7ab31d5ac44d91/sourcing-trace => [200] 
[GET] https://demand-gen-lab.vercel.app/api/brands/brand_mlg68b9l/campaigns/camp_624bc2078cf8455f/experiments/exp_4571a01526464fa0/conversation-map/preview-leads => [200] 
[GET] https://demand-gen-lab.vercel.app/api/brands/brand_mlg68b9l => [200] 
[GET] https://demand-gen-lab.vercel.app/api/brands/brand_mlg68b9l/experiments/expt_bf7ab31d5ac44d91 => [200] 
[GET] https://demand-gen-lab.vercel.app/api/brands/brand_mlg68b9l/experiments/expt_bf7ab31d5ac44d91/runs => [200] 
[GET] https://demand-gen-lab.vercel.app/api/brands/brand_mlg68b9l/experiments/expt_bf7ab31d5ac44d91/sourcing-trace => [200] 
[GET] https://demand-gen-lab.vercel.app/api/brands/brand_mlg68b9l/campaigns/camp_624bc2078cf8455f/experiments/exp_4571a01526464fa0/conversation-map/preview-leads => [200] 
[GET] https://demand-gen-lab.vercel.app/api/brands/brand_mlg68b9l => [200] 
[GET] https://demand-gen-lab.vercel.app/api/brands/brand_mlg68b9l/experiments/expt_bf7ab31d5ac44d91 => [200] 
[GET] https://demand-gen-lab.vercel.app/api/brands/brand_mlg68b9l/experiments/expt_bf7ab31d5ac44d91/runs => [200] 
[GET] https://demand-gen-lab.vercel.app/api/brands/brand_mlg68b9l/experiments/expt_bf7ab31d5ac44d91/sourcing-trace => [200] 
[GET] https://demand-gen-lab.vercel.app/api/brands/brand_mlg68b9l/campaigns/camp_624bc2078cf8455f/experiments/exp_4571a01526464fa0/conversation-map/preview-leads => [200] 
[POST] https://demand-gen-lab.vercel.app/api/brands/brand_mlg68b9l/experiments/expt_bf7ab31d5ac44d91/source-sample-leads => [201] 
[GET] https://demand-gen-lab.vercel.app/api/brands/brand_mlg68b9l => [200] 
[GET] https://demand-gen-lab.vercel.app/api/brands/brand_mlg68b9l/experiments/expt_bf7ab31d5ac44d91 => [200] 
[GET] https://demand-gen-lab.vercel.app/api/brands/brand_mlg68b9l/experiments/expt_bf7ab31d5ac44d91/runs => [200] 
[GET] https://demand-gen-lab.vercel.app/api/brands/brand_mlg68b9l/experiments/expt_bf7ab31d5ac44d91/sourcing-trace => [200] 
[GET] https://demand-gen-lab.vercel.app/api/brands/brand_mlg68b9l/campaigns/camp_624bc2078cf8455f/experiments/exp_4571a01526464fa0/conversation-map/preview-leads => [200] 
[GET] https://demand-gen-lab.vercel.app/api/brands/brand_mlg68b9l => [200] 
[GET] https://demand-gen-lab.vercel.app/api/brands/brand_mlg68b9l/experiments/expt_bf7ab31d5ac44d91 => [200] 
[GET] https://demand-gen-lab.vercel.app/api/brands/brand_mlg68b9l/experiments/expt_bf7ab31d5ac44d91/runs => [200] 
[GET] https://demand-gen-lab.vercel.app/api/brands/brand_mlg68b9l/experiments/expt_bf7ab31d5ac44d91/sourcing-trace => [200] 
[GET] https://demand-gen-lab.vercel.app/api/brands/brand_mlg68b9l/campaigns/camp_624bc2078cf8455f/experiments/exp_4571a01526464fa0/conversation-map/preview-leads => [200] 
[GET] https://demand-gen-lab.vercel.app/api/brands/brand_mlg68b9l => [200] 
[GET] https://demand-gen-lab.vercel.app/api/brands/brand_mlg68b9l/experiments/expt_bf7ab31d5ac44d91 => [200] 
[GET] https://demand-gen-lab.vercel.app/api/brands/brand_mlg68b9l/experiments/expt_bf7ab31d5ac44d91/runs => [200] 
[GET] https://demand-gen-lab.vercel.app/api/brands/brand_mlg68b9l/experiments/expt_bf7ab31d5ac44d91/sourcing-trace => [200] 
[GET] https://demand-gen-lab.vercel.app/api/brands/brand_mlg68b9l/campaigns/camp_624bc2078cf8455f/experiments/exp_4571a01526464fa0/conversation-map/preview-leads => [200] 
[POST] https://demand-gen-lab.vercel.app/api/brands/brand_mlg68b9l/experiments/expt_bf7ab31d5ac44d91/source-sample-leads => [201] 
[GET] https://demand-gen-lab.vercel.app/api/brands/brand_mlg68b9l => [200] 
[GET] https://demand-gen-lab.vercel.app/api/brands/brand_mlg68b9l/experiments/expt_bf7ab31d5ac44d91 => [200] 
[GET] https://demand-gen-lab.vercel.app/api/brands/brand_mlg68b9l/experiments/expt_bf7ab31d5ac44d91/runs => [200] 
[GET] https://demand-gen-lab.vercel.app/api/brands/brand_mlg68b9l/experiments/expt_bf7ab31d5ac44d91/sourcing-trace => [200] 
[GET] https://demand-gen-lab.vercel.app/api/brands/brand_mlg68b9l/campaigns/camp_624bc2078cf8455f/experiments/exp_4571a01526464fa0/conversation-map/preview-leads => [200] 
[GET] https://demand-gen-lab.vercel.app/api/brands/brand_mlg68b9l => [200] 
[GET] https://demand-gen-lab.vercel.app/api/brands/brand_mlg68b9l/experiments/expt_bf7ab31d5ac44d91 => [200] 
[GET] https://demand-gen-lab.vercel.app/api/brands/brand_mlg68b9l/experiments/expt_bf7ab31d5ac44d91/runs => [200] 
[GET] https://demand-gen-lab.vercel.app/api/brands/brand_mlg68b9l/experiments/expt_bf7ab31d5ac44d91/sourcing-trace => [200] 
[GET] https://demand-gen-lab.vercel.app/api/brands/brand_mlg68b9l/campaigns/camp_624bc2078cf8455f/experiments/exp_4571a01526464fa0/conversation-map/preview-leads => [200] 
[GET] https://demand-gen-lab.vercel.app/api/brands/brand_mlg68b9l => [200] 
[GET] https://demand-gen-lab.vercel.app/api/brands/brand_mlg68b9l/experiments/expt_bf7ab31d5ac44d91 => [200] 
[GET] https://demand-gen-lab.vercel.app/api/brands/brand_mlg68b9l/experiments/expt_bf7ab31d5ac44d91/runs => [200] 
[GET] https://demand-gen-lab.vercel.app/api/brands/brand_mlg68b9l/experiments/expt_bf7ab31d5ac44d91/sourcing-trace => [200] 
[GET] https://demand-gen-lab.vercel.app/api/brands/brand_mlg68b9l/campaigns/camp_624bc2078cf8455f/experiments/exp_4571a01526464fa0/conversation-map/preview-leads => [200] 
[POST] https://demand-gen-lab.vercel.app/api/brands/brand_mlg68b9l/experiments/expt_bf7ab31d5ac44d91/source-sample-leads => [201] 
[GET] https://demand-gen-lab.vercel.app/api/brands/brand_mlg68b9l => [200] 
[GET] https://demand-gen-lab.vercel.app/api/brands/brand_mlg68b9l/experiments/expt_bf7ab31d5ac44d91 => [200] 
[GET] https://demand-gen-lab.vercel.app/api/brands/brand_mlg68b9l/experiments/expt_bf7ab31d5ac44d91/runs => [200] 
[GET] https://demand-gen-lab.vercel.app/api/brands/brand_mlg68b9l/experiments/expt_bf7ab31d5ac44d91/sourcing-trace => [200] 
[GET] https://demand-gen-lab.vercel.app/api/brands/brand_mlg68b9l/campaigns/camp_624bc2078cf8455f/experiments/exp_4571a01526464fa0/conversation-map/preview-leads => [200] 
[GET] https://demand-gen-lab.vercel.app/api/brands/brand_mlg68b9l => [200] 
[GET] https://demand-gen-lab.vercel.app/api/brands/brand_mlg68b9l/experiments/expt_bf7ab31d5ac44d91 => [200] 
[GET] https://demand-gen-lab.vercel.app/api/brands/brand_mlg68b9l/experiments/expt_bf7ab31d5ac44d91/runs => [200] 
[GET] https://demand-gen-lab.vercel.app/api/brands/brand_mlg68b9l/experiments/expt_bf7ab31d5ac44d91/sourcing-trace => [200] 
[GET] https://demand-gen-lab.vercel.app/api/brands/brand_mlg68b9l/campaigns/camp_624bc2078cf8455f/experiments/exp_4571a01526464fa0/conversation-map/preview-leads => [200] 
[GET] https://demand-gen-lab.vercel.app/api/brands/brand_mlg68b9l => [200] 
[GET] https://demand-gen-lab.vercel.app/api/brands/brand_mlg68b9l/experiments/expt_bf7ab31d5ac44d91 => [200] 
[GET] https://demand-gen-lab.vercel.app/api/brands/brand_mlg68b9l/experiments/expt_bf7ab31d5ac44d91/runs => [200] 
[GET] https://demand-gen-lab.vercel.app/api/brands/brand_mlg68b9l/experiments/expt_bf7ab31d5ac44d91/sourcing-trace => [200] 
[GET] https://demand-gen-lab.vercel.app/api/brands/brand_mlg68b9l/campaigns/camp_624bc2078cf8455f/experiments/exp_4571a01526464fa0/conversation-map/preview-leads => [200] 
[POST] https://demand-gen-lab.vercel.app/api/brands/brand_mlg68b9l/experiments/expt_bf7ab31d5ac44d91/source-sample-leads => [201] 
[GET] https://demand-gen-lab.vercel.app/api/brands/brand_mlg68b9l => [200] 
[GET] https://demand-gen-lab.vercel.app/api/brands/brand_mlg68b9l/experiments/expt_bf7ab31d5ac44d91 => [200] 
[GET] https://demand-gen-lab.vercel.app/api/brands/brand_mlg68b9l/experiments/expt_bf7ab31d5ac44d91/runs => [200] 
[GET] https://demand-gen-lab.vercel.app/api/brands/brand_mlg68b9l/experiments/expt_bf7ab31d5ac44d91/sourcing-trace => [200] 
[GET] https://demand-gen-lab.vercel.app/api/brands/brand_mlg68b9l/campaigns/camp_624bc2078cf8455f/experiments/exp_4571a01526464fa0/conversation-map/preview-leads => [200] 
[GET] https://demand-gen-lab.vercel.app/api/brands/brand_mlg68b9l => [200] 
[GET] https://demand-gen-lab.vercel.app/api/brands/brand_mlg68b9l/experiments/expt_bf7ab31d5ac44d91 => [200] 
[GET] https://demand-gen-lab.vercel.app/api/brands/brand_mlg68b9l/experiments/expt_bf7ab31d5ac44d91/runs => [200] 
[GET] https://demand-gen-lab.vercel.app/api/brands/brand_mlg68b9l/experiments/expt_bf7ab31d5ac44d91/sourcing-trace => [200] 
[GET] https://demand-gen-lab.vercel.app/api/brands/brand_mlg68b9l/campaigns/camp_624bc2078cf8455f/experiments/exp_4571a01526464fa0/conversation-map/preview-leads => [200] 
[GET] https://demand-gen-lab.vercel.app/api/brands/brand_mlg68b9l => [200] 
[GET] https://demand-gen-lab.vercel.app/api/brands/brand_mlg68b9l/experiments/expt_bf7ab31d5ac44d91 => [200] 
[GET] https://demand-gen-lab.vercel.app/api/brands/brand_mlg68b9l/experiments/expt_bf7ab31d5ac44d91/runs => [200] 
[GET] https://demand-gen-lab.vercel.app/api/brands/brand_mlg68b9l/experiments/expt_bf7ab31d5ac44d91/sourcing-trace => [200] 
[GET] https://demand-gen-lab.vercel.app/api/brands/brand_mlg68b9l/campaigns/camp_624bc2078cf8455f/experiments/exp_4571a01526464fa0/conversation-map/preview-leads => [200] 
[GET] https://demand-gen-lab.vercel.app/api/brands/brand_mlg68b9l => [200] 
[GET] https://demand-gen-lab.vercel.app/api/brands/brand_mlg68b9l/experiments/expt_bf7ab31d5ac44d91 => [200] 
[GET] https://demand-gen-lab.vercel.app/api/brands/brand_mlg68b9l/experiments/expt_bf7ab31d5ac44d91/runs => [200] 
[GET] https://demand-gen-lab.vercel.app/api/brands/brand_mlg68b9l/experiments/expt_bf7ab31d5ac44d91/sourcing-trace => [200] 
[GET] https://demand-gen-lab.vercel.app/api/brands/brand_mlg68b9l/campaigns/camp_624bc2078cf8455f/experiments/exp_4571a01526464fa0/conversation-map/preview-leads => [200] 